<?xml version="1.0" encoding="UTF-8"?>
<!-- Generated by org.testng.reporters.JUnitReportReporter -->
<testsuite hostname="DESKTOP-A4OJHFK" failures="0" tests="1" name="dataDriven" time="1.139" errors="0" timestamp="2022-09-23T22:47:08 IST" skipped="0">
  <testcase classname="dataDriven" name="dataDrivenTest" time="1.139"/>
  <system-out/>
</testsuite> <!-- dataDriven -->
